# JRE version: Java(TM) SE Runtime Environment (7.0_71-b14) (build 1.7.0_71-b14)
# Java VM: Java HotSpot(TM) 64-Bit Server VM (24.71-b01 mixed mode linux-amd64 compressed oops)
Heap
 PSYoungGen      total 233472K, used 5205K [0x0000032f2e980000, 0x0000032f43f00000, 0x0000032f43f00000)
  eden space 117248K, 0% used [0x0000032f2e980000,0x0000032f2e980000,0x0000032f35c00000)
  from space 116224K, 4% used [0x0000032f3cd80000,0x0000032f3d295628,0x0000032f43f00000)
  to   space 116224K, 0% used [0x0000032f35c00000,0x0000032f35c00000,0x0000032f3cd80000)
 ParOldGen       total 274432K, used 274046K [0x0000032f03f00000, 0x0000032f14b00000, 0x0000032f2e980000)
  object space 274432K, 99% used [0x0000032f03f00000,0x0000032f14a9f8d0,0x0000032f14b00000)
 PSPermGen       total 21504K, used 5780K [0x0000032efed00000, 0x0000032f00200000, 0x0000032f03f00000)
  object space 21504K, 26% used [0x0000032efed00000,0x0000032eff2a5360,0x0000032f00200000)
GC Heap History (10 events):
Event: 36,511 GC heap after
Heap after GC invocations=25 (full 3):
 PSYoungGen      total 233472K, used 107860K [0x0000032f2e980000, 0x0000032f43f00000, 0x0000032f43f00000)
  eden space 117248K, 0% used [0x0000032f2e980000,0x0000032f2e980000,0x0000032f35c00000)
  from space 116224K, 92% used [0x0000032f3cd80000,0x0000032f436d5298,0x0000032f43f00000)
  to   space 116224K, 0% used [0x0000032f35c00000,0x0000032f35c00000,0x0000032f3cd80000)
 ParOldGen       total 274432K, used 144936K [0x0000032f03f00000, 0x0000032f14b00000, 0x0000032f2e980000)
  object space 274432K, 52% used [0x0000032f03f00000,0x0000032f0cc8a0f0,0x0000032f14b00000)
 PSPermGen       total 21504K, used 5752K [0x0000032efed00000, 0x0000032f00200000, 0x0000032f03f00000)
  object space 21504K, 26% used [0x0000032efed00000,0x0000032eff29e358,0x0000032f00200000)
}
Event: 37,302 GC heap before
{Heap before GC invocations=26 (full 3):
 PSYoungGen      total 233472K, used 225108K [0x0000032f2e980000, 0x0000032f43f00000, 0x0000032f43f00000)
  eden space 117248K, 100% used [0x0000032f2e980000,0x0000032f35c00000,0x0000032f35c00000)
  from space 116224K, 92% used [0x0000032f3cd80000,0x0000032f436d5298,0x0000032f43f00000)
  to   space 116224K, 0% used [0x0000032f35c00000,0x0000032f35c00000,0x0000032f3cd80000)
 ParOldGen       total 274432K, used 144936K [0x0000032f03f00000, 0x0000032f14b00000, 0x0000032f2e980000)
  object space 274432K, 52% used [0x0000032f03f00000,0x0000032f0cc8a0f0,0x0000032f14b00000)
 PSPermGen       total 21504K, used 5767K [0x0000032efed00000, 0x0000032f00200000, 0x0000032f03f00000)
  object space 21504K, 26% used [0x0000032efed00000,0x0000032eff2a1d98,0x0000032f00200000)
Event: 37,429 GC heap after
Heap after GC invocations=26 (full 3):
 PSYoungGen      total 233472K, used 115048K [0x0000032f2e980000, 0x0000032f43f00000, 0x0000032f43f00000)
  eden space 117248K, 0% used [0x0000032f2e980000,0x0000032f2e980000,0x0000032f35c00000)
  from space 116224K, 98% used [0x0000032f35c00000,0x0000032f3cc5a110,0x0000032f3cd80000)
  to   space 116224K, 0% used [0x0000032f3cd80000,0x0000032f3cd80000,0x0000032f43f00000)
 ParOldGen       total 274432K, used 157100K [0x0000032f03f00000, 0x0000032f14b00000, 0x0000032f2e980000)
  object space 274432K, 57% used [0x0000032f03f00000,0x0000032f0d86b2a8,0x0000032f14b00000)
 PSPermGen       total 21504K, used 5767K [0x0000032efed00000, 0x0000032f00200000, 0x0000032f03f00000)
  object space 21504K, 26% used [0x0000032efed00000,0x0000032eff2a1d98,0x0000032f00200000)
}
Event: 38,151 GC heap before
{Heap before GC invocations=27 (full 3):
 PSYoungGen      total 233472K, used 232296K [0x0000032f2e980000, 0x0000032f43f00000, 0x0000032f43f00000)
  eden space 117248K, 100% used [0x0000032f2e980000,0x0000032f35c00000,0x0000032f35c00000)
  from space 116224K, 98% used [0x0000032f35c00000,0x0000032f3cc5a110,0x0000032f3cd80000)
  to   space 116224K, 0% used [0x0000032f3cd80000,0x0000032f3cd80000,0x0000032f43f00000)
 ParOldGen       total 274432K, used 157100K [0x0000032f03f00000, 0x0000032f14b00000, 0x0000032f2e980000)
  object space 274432K, 57% used [0x0000032f03f00000,0x0000032f0d86b2a8,0x0000032f14b00000)
 PSPermGen       total 21504K, used 5773K [0x0000032efed00000, 0x0000032f00200000, 0x0000032f03f00000)
  object space 21504K, 26% used [0x0000032efed00000,0x0000032eff2a3430,0x0000032f00200000)
Event: 38,293 GC heap after
Heap after GC invocations=27 (full 3):
 PSYoungGen      total 233472K, used 112154K [0x0000032f2e980000, 0x0000032f43f00000, 0x0000032f43f00000)
  eden space 117248K, 0% used [0x0000032f2e980000,0x0000032f2e980000,0x0000032f35c00000)
  from space 116224K, 96% used [0x0000032f3cd80000,0x0000032f43b06928,0x0000032f43f00000)
  to   space 116224K, 0% used [0x0000032f35c00000,0x0000032f35c00000,0x0000032f3cd80000)
 ParOldGen       total 274432K, used 176234K [0x0000032f03f00000, 0x0000032f14b00000, 0x0000032f2e980000)
  object space 274432K, 64% used [0x0000032f03f00000,0x0000032f0eb1aac8,0x0000032f14b00000)
 PSPermGen       total 21504K, used 5773K [0x0000032efed00000, 0x0000032f00200000, 0x0000032f03f00000)
  object space 21504K, 26% used [0x0000032efed00000,0x0000032eff2a3430,0x0000032f00200000)
}
Event: 38,970 GC heap before
{Heap before GC invocations=28 (full 3):
 PSYoungGen      total 233472K, used 229402K [0x0000032f2e980000, 0x0000032f43f00000, 0x0000032f43f00000)
  eden space 117248K, 100% used [0x0000032f2e980000,0x0000032f35c00000,0x0000032f35c00000)
  from space 116224K, 96% used [0x0000032f3cd80000,0x0000032f43b06928,0x0000032f43f00000)
  to   space 116224K, 0% used [0x0000032f35c00000,0x0000032f35c00000,0x0000032f3cd80000)
 ParOldGen       total 274432K, used 176234K [0x0000032f03f00000, 0x0000032f14b00000, 0x0000032f2e980000)
  object space 274432K, 64% used [0x0000032f03f00000,0x0000032f0eb1aac8,0x0000032f14b00000)
 PSPermGen       total 21504K, used 5776K [0x0000032efed00000, 0x0000032f00200000, 0x0000032f03f00000)
  object space 21504K, 26% used [0x0000032efed00000,0x0000032eff2a4100,0x0000032f00200000)
Event: 39,142 GC heap after
Heap after GC invocations=28 (full 3):
 PSYoungGen      total 233472K, used 93524K [0x0000032f2e980000, 0x0000032f43f00000, 0x0000032f43f00000)
  eden space 117248K, 0% used [0x0000032f2e980000,0x0000032f2e980000,0x0000032f35c00000)
  from space 116224K, 80% used [0x0000032f35c00000,0x0000032f3b7552e0,0x0000032f3cd80000)
  to   space 116224K, 0% used [0x0000032f3cd80000,0x0000032f3cd80000,0x0000032f43f00000)
 ParOldGen       total 274432K, used 213775K [0x0000032f03f00000, 0x0000032f14b00000, 0x0000032f2e980000)
  object space 274432K, 77% used [0x0000032f03f00000,0x0000032f10fc3e88,0x0000032f14b00000)
 PSPermGen       total 21504K, used 5776K [0x0000032efed00000, 0x0000032f00200000, 0x0000032f03f00000)
  object space 21504K, 26% used [0x0000032efed00000,0x0000032eff2a4100,0x0000032f00200000)
}
Event: 39,822 GC heap before
{Heap before GC invocations=29 (full 3):
 PSYoungGen      total 233472K, used 210772K [0x0000032f2e980000, 0x0000032f43f00000, 0x0000032f43f00000)
  eden space 117248K, 100% used [0x0000032f2e980000,0x0000032f35c00000,0x0000032f35c00000)
  from space 116224K, 80% used [0x0000032f35c00000,0x0000032f3b7552e0,0x0000032f3cd80000)
  to   space 116224K, 0% used [0x0000032f3cd80000,0x0000032f3cd80000,0x0000032f43f00000)
 ParOldGen       total 274432K, used 213775K [0x0000032f03f00000, 0x0000032f14b00000, 0x0000032f2e980000)
  object space 274432K, 77% used [0x0000032f03f00000,0x0000032f10fc3e88,0x0000032f14b00000)
 PSPermGen       total 21504K, used 5781K [0x0000032efed00000, 0x0000032f00200000, 0x0000032f03f00000)
  object space 21504K, 26% used [0x0000032efed00000,0x0000032eff2a57a0,0x0000032f00200000)
Event: 44,854 GC heap after
Heap after GC invocations=29 (full 3):
 PSYoungGen      total 233472K, used 73397K [0x0000032f2e980000, 0x0000032f43f00000, 0x0000032f43f00000)
  eden space 117248K, 0% used [0x0000032f2e980000,0x0000032f2e980000,0x0000032f35c00000)
  from space 116224K, 63% used [0x0000032f3cd80000,0x0000032f4152d540,0x0000032f43f00000)
  to   space 116224K, 0% used [0x0000032f35c00000,0x0000032f35c00000,0x0000032f3cd80000)
 ParOldGen       total 274432K, used 251848K [0x0000032f03f00000, 0x0000032f14b00000, 0x0000032f2e980000)
  object space 274432K, 91% used [0x0000032f03f00000,0x0000032f134f21c0,0x0000032f14b00000)
 PSPermGen       total 21504K, used 5781K [0x0000032efed00000, 0x0000032f00200000, 0x0000032f03f00000)
  object space 21504K, 26% used [0x0000032efed00000,0x0000032eff2a57a0,0x0000032f00200000)
}
Event: 44,854 GC heap before
{Heap before GC invocations=30 (full 4):
 PSYoungGen      total 233472K, used 73397K [0x0000032f2e980000, 0x0000032f43f00000, 0x0000032f43f00000)
  eden space 117248K, 0% used [0x0000032f2e980000,0x0000032f2e980000,0x0000032f35c00000)
  from space 116224K, 63% used [0x0000032f3cd80000,0x0000032f4152d540,0x0000032f43f00000)
  to   space 116224K, 0% used [0x0000032f35c00000,0x0000032f35c00000,0x0000032f3cd80000)
 ParOldGen       total 274432K, used 251848K [0x0000032f03f00000, 0x0000032f14b00000, 0x0000032f2e980000)
  object space 274432K, 91% used [0x0000032f03f00000,0x0000032f134f21c0,0x0000032f14b00000)
 PSPermGen       total 21504K, used 5781K [0x0000032efed00000, 0x0000032f00200000, 0x0000032f03f00000)
  object space 21504K, 26% used [0x0000032efed00000,0x0000032eff2a57a0,0x0000032f00200000)

